# JRE version: Java(TM) SE Runtime Environment (8.0_66-b17) (build 1.8.0_66-b17)
# Java VM: Java HotSpot(TM) 64-Bit Server VM (25.66-b17 mixed mode linux-amd64 compressed oops)
Heap:
 PSYoungGen      total 67584K, used 66299K [0x00000000d7e00000, 0x00000000dc500000, 0x0000000100000000)
  eden space 62464K, 97% used [0x00000000d7e00000,0x00000000db9c25e8,0x00000000dbb00000)
  from space 5120K, 99% used [0x00000000dc000000,0x00000000dc4fc8e8,0x00000000dc500000)
  to   space 5120K, 0% used [0x00000000dbb00000,0x00000000dbb00000,0x00000000dc000000)
 ParOldGen       total 83456K, used 4468K [0x0000000087a00000, 0x000000008cb80000, 0x00000000d7e00000)
  object space 83456K, 5% used [0x0000000087a00000,0x0000000087e5d160,0x000000008cb80000)
 Metaspace       used 20705K, capacity 21192K, committed 21248K, reserved 1069056K
  class space    used 2380K, capacity 2518K, committed 2560K, reserved 1048576K
GC Heap History (8 events):
Event: 1.779 GC heap before
{Heap before GC invocations=1 (full 0):
 PSYoungGen      total 36352K, used 31232K [0x00000000d7e00000, 0x00000000da680000, 0x0000000100000000)
  eden space 31232K, 100% used [0x00000000d7e00000,0x00000000d9c80000,0x00000000d9c80000)
  from space 5120K, 0% used [0x00000000da180000,0x00000000da180000,0x00000000da680000)
  to   space 5120K, 0% used [0x00000000d9c80000,0x00000000d9c80000,0x00000000da180000)
 ParOldGen       total 83456K, used 0K [0x0000000087a00000, 0x000000008cb80000, 0x00000000d7e00000)
  object space 83456K, 0% used [0x0000000087a00000,0x0000000087a00000,0x000000008cb80000)
 Metaspace       used 13449K, capacity 13620K, committed 13824K, reserved 1060864K
  class space    used 1457K, capacity 1532K, committed 1536K, reserved 1048576K
Event: 1.793 GC heap after
Heap after GC invocations=1 (full 0):
 PSYoungGen      total 36352K, used 4079K [0x00000000d7e00000, 0x00000000da680000, 0x0000000100000000)
  eden space 31232K, 0% used [0x00000000d7e00000,0x00000000d7e00000,0x00000000d9c80000)
  from space 5120K, 79% used [0x00000000d9c80000,0x00000000da07bca8,0x00000000da180000)
  to   space 5120K, 0% used [0x00000000da180000,0x00000000da180000,0x00000000da680000)
 ParOldGen       total 83456K, used 8K [0x0000000087a00000, 0x000000008cb80000, 0x00000000d7e00000)
  object space 83456K, 0% used [0x0000000087a00000,0x0000000087a02000,0x000000008cb80000)
 Metaspace       used 13449K, capacity 13620K, committed 13824K, reserved 1060864K
  class space    used 1457K, capacity 1532K, committed 1536K, reserved 1048576K
}
Event: 2.818 GC heap before
{Heap before GC invocations=2 (full 0):
 PSYoungGen      total 36352K, used 35311K [0x00000000d7e00000, 0x00000000da680000, 0x0000000100000000)
  eden space 31232K, 100% used [0x00000000d7e00000,0x00000000d9c80000,0x00000000d9c80000)
  from space 5120K, 79% used [0x00000000d9c80000,0x00000000da07bca8,0x00000000da180000)
  to   space 5120K, 0% used [0x00000000da180000,0x00000000da180000,0x00000000da680000)
 ParOldGen       total 83456K, used 8K [0x0000000087a00000, 0x000000008cb80000, 0x00000000d7e00000)
  object space 83456K, 0% used [0x0000000087a00000,0x0000000087a02000,0x000000008cb80000)
 Metaspace       used 17628K, capacity 17864K, committed 18048K, reserved 1064960K
  class space    used 1956K, capacity 2066K, committed 2176K, reserved 1048576K
Event: 2.827 GC heap after
Heap after GC invocations=2 (full 0):
 PSYoungGen      total 36352K, used 5094K [0x00000000d7e00000, 0x00000000da680000, 0x0000000100000000)
  eden space 31232K, 0% used [0x00000000d7e00000,0x00000000d7e00000,0x00000000d9c80000)
  from space 5120K, 99% used [0x00000000da180000,0x00000000da679918,0x00000000da680000)
  to   space 5120K, 0% used [0x00000000d9c80000,0x00000000d9c80000,0x00000000da180000)
 ParOldGen       total 83456K, used 2219K [0x0000000087a00000, 0x000000008cb80000, 0x00000000d7e00000)
  object space 83456K, 2% used [0x0000000087a00000,0x0000000087c2ad90,0x000000008cb80000)
 Metaspace       used 17628K, capacity 17864K, committed 18048K, reserved 1064960K
  class space    used 1956K, capacity 2066K, committed 2176K, reserved 1048576K
}
Event: 3.141 GC heap before
{Heap before GC invocations=3 (full 0):
 PSYoungGen      total 36352K, used 36326K [0x00000000d7e00000, 0x00000000da680000, 0x0000000100000000)
  eden space 31232K, 100% used [0x00000000d7e00000,0x00000000d9c80000,0x00000000d9c80000)
  from space 5120K, 99% used [0x00000000da180000,0x00000000da679918,0x00000000da680000)
  to   space 5120K, 0% used [0x00000000d9c80000,0x00000000d9c80000,0x00000000da180000)
 ParOldGen       total 83456K, used 2219K [0x0000000087a00000, 0x000000008cb80000, 0x00000000d7e00000)
  object space 83456K, 2% used [0x0000000087a00000,0x0000000087c2ad90,0x000000008cb80000)
 Metaspace       used 19312K, capacity 19560K, committed 19840K, reserved 1067008K
  class space    used 2213K, capacity 2318K, committed 2432K, reserved 1048576K
Event: 3.147 GC heap after
Heap after GC invocations=3 (full 0):
 PSYoungGen      total 36352K, used 5043K [0x00000000d7e00000, 0x00000000dc500000, 0x0000000100000000)
  eden space 31232K, 0% used [0x00000000d7e00000,0x00000000d7e00000,0x00000000d9c80000)
  from space 5120K, 98% used [0x00000000d9c80000,0x00000000da16cdf8,0x00000000da180000)
  to   space 5120K, 0% used [0x00000000dc000000,0x00000000dc000000,0x00000000dc500000)
 ParOldGen       total 83456K, used 2231K [0x0000000087a00000, 0x000000008cb80000, 0x00000000d7e00000)
  object space 83456K, 2% used [0x0000000087a00000,0x0000000087c2dda0,0x000000008cb80000)
 Metaspace       used 19312K, capacity 19560K, committed 19840K, reserved 1067008K
  class space    used 2213K, capacity 2318K, committed 2432K, reserved 1048576K
}
Event: 3.393 GC heap before
{Heap before GC invocations=4 (full 0):
 PSYoungGen      total 36352K, used 36275K [0x00000000d7e00000, 0x00000000dc500000, 0x0000000100000000)
  eden space 31232K, 100% used [0x00000000d7e00000,0x00000000d9c80000,0x00000000d9c80000)
  from space 5120K, 98% used [0x00000000d9c80000,0x00000000da16cdf8,0x00000000da180000)
  to   space 5120K, 0% used [0x00000000dc000000,0x00000000dc000000,0x00000000dc500000)
 ParOldGen       total 83456K, used 2231K [0x0000000087a00000, 0x000000008cb80000, 0x00000000d7e00000)
  object space 83456K, 2% used [0x0000000087a00000,0x0000000087c2dda0,0x000000008cb80000)
 Metaspace       used 20107K, capacity 20532K, committed 20736K, reserved 1067008K
  class space    used 2320K, capacity 2448K, committed 2560K, reserved 1048576K
Event: 3.401 GC heap after
Heap after GC invocations=4 (full 0):
 PSYoungGen      total 67584K, used 5106K [0x00000000d7e00000, 0x00000000dc500000, 0x0000000100000000)
  eden space 62464K, 0% used [0x00000000d7e00000,0x00000000d7e00000,0x00000000dbb00000)
  from space 5120K, 99% used [0x00000000dc000000,0x00000000dc4fc8e8,0x00000000dc500000)
  to   space 5120K, 0% used [0x00000000dbb00000,0x00000000dbb00000,0x00000000dc000000)
 ParOldGen       total 83456K, used 4468K [0x0000000087a00000, 0x000000008cb80000, 0x00000000d7e00000)
  object space 83456K, 5% used [0x0000000087a00000,0x0000000087e5d160,0x000000008cb80000)
 Metaspace       used 20107K, capacity 20532K, committed 20736K, reserved 1067008K
  class space    used 2320K, capacity 2448K, committed 2560K, reserved 1048576K
}

